<?xml version="1.0" encoding="UTF-8" ?>
<testsuite tests="8" failures="0" name="ca.leamonde.FizzBuzzTest" time="0.016" errors="0" skipped="0">
  <properties>
[...]
</properties>
  <testcase classname="ca.leamonde.FizzBuzzTest" name="givenNew_afterSetCountThree_OutputIsStringFizz" time="0.01"/>
  <testcase classname="ca.leamonde.FizzBuzzTest" name="givenNew_afterSetCount_CountIsSettedCount" time="0.001"/>
  <testcase classname="ca.leamonde.FizzBuzzTest" name="givenNew_afterSetCountFize_OutputIsStringBuzz" time="0"/>
  <testcase classname="ca.leamonde.FizzBuzzTest" name="givenNew_afterSetCountZero_OutputIsStringFizzBuzz" time="0.001"/>
  <testcase classname="ca.leamonde.FizzBuzzTest" name="givenNew_afterSetCountFifteen_OutputIsStringFizzBuzz" time="0.004"/>
  <testcase classname="ca.leamonde.FizzBuzzTest" name="givenNew_afterIncrement_CountIsStartingValuePlusOne" time="0"/>
  <testcase classname="ca.leamonde.FizzBuzzTest" name="givenNew_afterSetCountOne_OutputIsStringOne" time="0"/>
  <testcase classname="ca.leamonde.FizzBuzzTest" name="givenNew_countIsStartingValue" time="0"/>
</testsuite>